<?xml version="1.0" encoding="UTF-8"?>
<testsuite name="com.retail.services.OfbizRetailServicesApplicationTests" tests="1" skipped="0" failures="0" errors="0" timestamp="2020-03-09T05:17:11" hostname="arul-System-Product-Name" time="0.114">
  <properties/>
  <testcase name="contextLoads" classname="com.retail.services.OfbizRetailServicesApplicationTests" time="0.114"/>
  <system-out><![CDATA[10:47:09.757 [Test worker] DEBUG org.springframework.test.context.junit4.SpringJUnit4ClassRunner - SpringJUnit4ClassRunner constructor called with [class com.retail.services.OfbizRetailServicesApplicationTests]
10:47:09.762 [Test worker] DEBUG org.springframework.test.context.BootstrapUtils - Instantiating CacheAwareContextLoaderDelegate from class [org.springframework.test.context.cache.DefaultCacheAwareContextLoaderDelegate]
10:47:09.766 [Test worker] DEBUG org.springframework.test.context.BootstrapUtils - Instantiating BootstrapContext using constructor [public org.springframework.test.context.support.DefaultBootstrapContext(java.lang.Class,org.springframework.test.context.CacheAwareContextLoaderDelegate)]
10:47:09.778 [Test worker] DEBUG org.springframework.test.context.BootstrapUtils - Instantiating TestContextBootstrapper for test class [com.retail.services.OfbizRetailServicesApplicationTests] from class [org.springframework.boot.test.context.SpringBootTestContextBootstrapper]
10:47:09.784 [Test worker] INFO org.springframework.boot.test.context.SpringBootTestContextBootstrapper - Neither @ContextConfiguration nor @ContextHierarchy found for test class [com.retail.services.OfbizRetailServicesApplicationTests], using SpringBootContextLoader
10:47:09.786 [Test worker] DEBUG org.springframework.test.context.support.AbstractContextLoader - Did not detect default resource location for test class [com.retail.services.OfbizRetailServicesApplicationTests]: class path resource [com/retail/services/OfbizRetailServicesApplicationTests-context.xml] does not exist
10:47:09.786 [Test worker] DEBUG org.springframework.test.context.support.AbstractContextLoader - Did not detect default resource location for test class [com.retail.services.OfbizRetailServicesApplicationTests]: class path resource [com/retail/services/OfbizRetailServicesApplicationTestsContext.groovy] does not exist
10:47:09.786 [Test worker] INFO org.springframework.test.context.support.AbstractContextLoader - Could not detect default resource locations for test class [com.retail.services.OfbizRetailServicesApplicationTests]: no resource found for suffixes {-context.xml, Context.groovy}.
10:47:09.787 [Test worker] INFO org.springframework.test.context.support.AnnotationConfigContextLoaderUtils - Could not detect default configuration classes for test class [com.retail.services.OfbizRetailServicesApplicationTests]: OfbizRetailServicesApplicationTests does not declare any static, non-private, non-final, nested classes annotated with @Configuration.
10:47:09.809 [Test worker] DEBUG org.springframework.test.context.support.ActiveProfilesUtils - Could not find an 'annotation declaring class' for annotation type [org.springframework.test.context.ActiveProfiles] and class [com.retail.services.OfbizRetailServicesApplicationTests]
10:47:09.848 [Test worker] DEBUG org.springframework.context.annotation.ClassPathScanningCandidateComponentProvider - Identified candidate component class: file [/home/arul/kirana_pos_lite/Pos_mar08/kiranastore_services_mar08/kiranastore_services/build/classes/java/main/com/retail/services/OfbizRetailServicesApplication.class]
10:47:09.849 [Test worker] INFO org.springframework.boot.test.context.SpringBootTestContextBootstrapper - Found @SpringBootConfiguration com.retail.services.OfbizRetailServicesApplication for test class com.retail.services.OfbizRetailServicesApplicationTests
10:47:09.905 [Test worker] DEBUG org.springframework.boot.test.context.SpringBootTestContextBootstrapper - @TestExecutionListeners is not present for class [com.retail.services.OfbizRetailServicesApplicationTests]: using defaults.
10:47:09.905 [Test worker] INFO org.springframework.boot.test.context.SpringBootTestContextBootstrapper - Loaded default TestExecutionListener class names from location [META-INF/spring.factories]: [org.springframework.boot.test.autoconfigure.restdocs.RestDocsTestExecutionListener, org.springframework.boot.test.autoconfigure.web.client.MockRestServiceServerResetTestExecutionListener, org.springframework.boot.test.autoconfigure.web.servlet.MockMvcPrintOnlyOnFailureTestExecutionListener, org.springframework.boot.test.autoconfigure.web.servlet.WebDriverTestExecutionListener, org.springframework.boot.test.mock.mockito.MockitoTestExecutionListener, org.springframework.boot.test.mock.mockito.ResetMocksTestExecutionListener, org.springframework.test.context.web.ServletTestExecutionListener, org.springframework.test.context.support.DirtiesContextBeforeModesTestExecutionListener, org.springframework.test.context.support.DependencyInjectionTestExecutionListener, org.springframework.test.context.support.DirtiesContextTestExecutionListener, org.springframework.test.context.transaction.TransactionalTestExecutionListener, org.springframework.test.context.jdbc.SqlScriptsTestExecutionListener]
10:47:09.911 [Test worker] DEBUG org.springframework.boot.test.context.SpringBootTestContextBootstrapper - Skipping candidate TestExecutionListener [org.springframework.test.context.transaction.TransactionalTestExecutionListener] due to a missing dependency. Specify custom listener classes or make the default listener classes and their required dependencies available. Offending class: [org/springframework/transaction/TransactionDefinition]
10:47:09.912 [Test worker] DEBUG org.springframework.boot.test.context.SpringBootTestContextBootstrapper - Skipping candidate TestExecutionListener [org.springframework.test.context.jdbc.SqlScriptsTestExecutionListener] due to a missing dependency. Specify custom listener classes or make the default listener classes and their required dependencies available. Offending class: [org/springframework/transaction/interceptor/TransactionAttribute]
10:47:09.912 [Test worker] INFO org.springframework.boot.test.context.SpringBootTestContextBootstrapper - Using TestExecutionListeners: [org.springframework.test.context.web.ServletTestExecutionListener@21706785, org.springframework.test.context.support.DirtiesContextBeforeModesTestExecutionListener@26f2f60b, org.springframework.boot.test.mock.mockito.MockitoTestExecutionListener@283e7873, org.springframework.boot.test.autoconfigure.SpringBootDependencyInjectionTestExecutionListener@2f346a92, org.springframework.test.context.support.DirtiesContextTestExecutionListener@dda6cbe, org.springframework.boot.test.autoconfigure.restdocs.RestDocsTestExecutionListener@3c2991a0, org.springframework.boot.test.autoconfigure.web.client.MockRestServiceServerResetTestExecutionListener@670f8bb6, org.springframework.boot.test.autoconfigure.web.servlet.MockMvcPrintOnlyOnFailureTestExecutionListener@6be30d3f, org.springframework.boot.test.autoconfigure.web.servlet.WebDriverTestExecutionListener@35022361, org.springframework.boot.test.mock.mockito.ResetMocksTestExecutionListener@45d610f0]
10:47:09.914 [Test worker] DEBUG org.springframework.test.annotation.ProfileValueUtils - Retrieved @ProfileValueSourceConfiguration [null] for test class [com.retail.services.OfbizRetailServicesApplicationTests]
10:47:09.914 [Test worker] DEBUG org.springframework.test.annotation.ProfileValueUtils - Retrieved ProfileValueSource type [class org.springframework.test.annotation.SystemProfileValueSource] for class [com.retail.services.OfbizRetailServicesApplicationTests]
10:47:09.914 [Test worker] DEBUG org.springframework.test.annotation.ProfileValueUtils - Retrieved @ProfileValueSourceConfiguration [null] for test class [com.retail.services.OfbizRetailServicesApplicationTests]
10:47:09.914 [Test worker] DEBUG org.springframework.test.annotation.ProfileValueUtils - Retrieved ProfileValueSource type [class org.springframework.test.annotation.SystemProfileValueSource] for class [com.retail.services.OfbizRetailServicesApplicationTests]
10:47:09.917 [Test worker] DEBUG org.springframework.test.context.support.AbstractDirtiesContextTestExecutionListener - Before test class: context [DefaultTestContext@3704222b testClass = OfbizRetailServicesApplicationTests, testInstance = [null], testMethod = [null], testException = [null], mergedContextConfiguration = [WebMergedContextConfiguration@4a0e40f9 testClass = OfbizRetailServicesApplicationTests, locations = '{}', classes = '{class com.retail.services.OfbizRetailServicesApplication}', contextInitializerClasses = '[]', activeProfiles = '{}', propertySourceLocations = '{}', propertySourceProperties = '{org.springframework.boot.test.context.SpringBootTestContextBootstrapper=true}', contextCustomizers = set[org.springframework.boot.test.autoconfigure.properties.PropertyMappingContextCustomizer@0, org.springframework.boot.test.autoconfigure.web.servlet.WebDriverContextCustomizerFactory$Customizer@70084600, org.springframework.boot.test.context.filter.ExcludeFilterContextCustomizer@3b8af53, org.springframework.boot.test.json.DuplicateJsonObjectContextCustomizerFactory$DuplicateJsonObjectContextCustomizer@59076175, org.springframework.boot.test.mock.mockito.MockitoContextCustomizer@0, org.springframework.boot.test.web.client.TestRestTemplateContextCustomizer@1779d503], resourceBasePath = 'src/main/webapp', contextLoader = 'org.springframework.boot.test.context.SpringBootContextLoader', parent = [null]], attributes = map['org.springframework.test.context.web.ServletTestExecutionListener.activateListener' -> true]], class annotated with @DirtiesContext [false] with mode [null].
10:47:09.918 [Test worker] DEBUG org.springframework.test.annotation.ProfileValueUtils - Retrieved @ProfileValueSourceConfiguration [null] for test class [com.retail.services.OfbizRetailServicesApplicationTests]
10:47:09.918 [Test worker] DEBUG org.springframework.test.annotation.ProfileValueUtils - Retrieved ProfileValueSource type [class org.springframework.test.annotation.SystemProfileValueSource] for class [com.retail.services.OfbizRetailServicesApplicationTests]
10:47:09.935 [Test worker] DEBUG org.springframework.test.context.support.TestPropertySourceUtils - Adding inlined properties to environment: {spring.jmx.enabled=false, org.springframework.boot.test.context.SpringBootTestContextBootstrapper=true, server.port=-1}

  .   ____          _            __ _ _
 /\\ / ___'_ __ _ _(_)_ __  __ _ \ \ \ \
( ( )\___ | '_ | '_| | '_ \/ _` | \ \ \ \
 \\/  ___)| |_)| | | | | || (_| |  ) ) ) )
  '  |____| .__|_| |_|_| |_\__, | / / / /
 =========|_|==============|___/=/_/_/_/
 :: Spring Boot ::        (v2.1.7.RELEASE)

2020-03-09 10:47:10.058  INFO 6909 --- [    Test worker] .r.s.OfbizRetailServicesApplicationTests : Starting OfbizRetailServicesApplicationTests on arul-System-Product-Name with PID 6909 (started by arul in /home/arul/kirana_pos_lite/Pos_mar08/kiranastore_services_mar08/kiranastore_services)
2020-03-09 10:47:10.059  INFO 6909 --- [    Test worker] .r.s.OfbizRetailServicesApplicationTests : No active profile set, falling back to default profiles: default
2020-03-09 10:47:10.947  INFO 6909 --- [    Test worker] o.s.s.concurrent.ThreadPoolTaskExecutor  : Initializing ExecutorService 'applicationTaskExecutor'
2020-03-09 10:47:11.117  INFO 6909 --- [    Test worker] .r.s.OfbizRetailServicesApplicationTests : Started OfbizRetailServicesApplicationTests in 1.178 seconds (JVM running for 1.695)
]]></system-out>
  <system-err><![CDATA[]]></system-err>
</testsuite>
